                      :-) GROMACS - gmx mdrun, 2024.2 (-:

Copyright 1991-2024 The GROMACS Authors.
GROMACS is free software; you can redistribute it and/or modify it
under the terms of the GNU Lesser General Public License
as published by the Free Software Foundation; either version 2.1
of the License, or (at your option) any later version.

                         Current GROMACS contributors:
       Mark Abraham           Andrey Alekseenko           Vladimir Basov      
      Cathrine Bergh            Eliane Briand               Ania Brown        
      Mahesh Doijade            Giacomo Fiorin          Stefan Fleischmann    
      Sergey Gorelov         Gilles Gouaillardet            Alan Gray         
     M. Eric Irrgang         Farzaneh Jalalypour            Joe Jordan        
     Carsten Kutzner           Justin A. Lemkul          Magnus Lundborg      
       Pascal Merz              Vedran Miletic            Dmitry Morozov      
       Julien Nabet              Szilard Pall        Andrea Pasquadibisceglie 
    Michele Pellegrino          Hubert Santuz             Roland Schulz       
     Tatiana Shugaeva          Alexey Shvetsov            Philip Turner       
     Alessandra Villa      Sebastian Wingbermuehle  

                         Previous GROMACS contributors:
        Emile Apol             Rossen Apostolov           James Barnett       
        Paul Bauer          Herman J.C. Berendsen          Par Bjelkmar       
      Christian Blau          Viacheslav Bolnykh            Kevin Boyd        
    Aldert van Buuren          Carlo Camilloni           Rudi van Drunen      
      Anton Feenstra           Oliver Fleetwood            Vytas Gapsys       
       Gaurav Garg             Gerrit Groenhof            Bert de Groot       
      Anca Hamuraru           Vincent Hindriksen          Victor Holanda      
     Aleksei Iupinov          Christoph Junghans        Prashanth Kanduri     
   Dimitrios Karkoulis           Peter Kasson             Sebastian Kehl      
     Sebastian Keller             Jiri Kraus               Per Larsson        
      Viveca Lindahl            Erik Marklund           Pieter Meulenhoff     
      Teemu Murtola              Sander Pronk             Michael Shirts      
      Alfons Sijbers            Balint Soproni         David van der Spoel    
      Peter Tieleman            Carsten Uphoff             Jon Vincent        
     Teemu Virolainen         Christian Wennberg           Maarten Wolf       
      Artem Zhmurov       

                  Coordinated by the GROMACS project leaders:
                           Berk Hess and Erik Lindahl

GROMACS:      gmx mdrun, version 2024.2
Executable:   /home/apps/centos7/gromacs/2024.2/gcc9.1_ompi4.1.2/bin/gmx_mpi
Data prefix:  /home/apps/centos7/gromacs/2024.2/gcc9.1_ompi4.1.2
Working dir:  /scratch/mse/phd/msz248536/ar/mll703
Process ID:   21885
Command line:
  gmx_mpi mdrun -v -deffnm md

GROMACS version:     2024.2
Precision:           mixed
Memory model:        64 bit
MPI library:         MPI
MPI library version: Open MPI v4.1.2, package: Open MPI varunj.vfaculty@aice005 Distribution, ident: 4.1.2, repo rev: v4.1.2, Nov 24, 2021
OpenMP support:      enabled (GMX_OPENMP_MAX_THREADS = 128)
GPU support:         CUDA
NBNxM GPU setup:     super-cluster 2x2x2 / cluster 8
SIMD instructions:   AVX2_256
CPU FFT library:     fftw-3.3.8-sse2-avx-avx2-avx2_128
GPU FFT library:     cuFFT
Multi-GPU FFT:       none
RDTSCP usage:        enabled
TNG support:         enabled
Hwloc support:       disabled
Tracing support:     disabled
C compiler:          /home/soft/centOS/compilers/gcc/openmpi/4.1.2/bin/mpicc GNU 9.1.0
C compiler flags:    -fexcess-precision=fast -funroll-all-loops -mavx2 -mfma -Wno-missing-field-initializers -O3 -DNDEBUG
C++ compiler:        /home/soft/centOS/compilers/gcc/openmpi/4.1.2/bin/mpicxx GNU 9.1.0
C++ compiler flags:  -fexcess-precision=fast -funroll-all-loops -mavx2 -mfma -Wno-missing-field-initializers -Wno-cast-function-type-strict -fopenmp -O3 -DNDEBUG
BLAS library:        External - detected on the system
LAPACK library:      External - detected on the system
CUDA compiler:       /home/soft/cuda-11.0.2/bin/nvcc nvcc: NVIDIA (R) Cuda compiler driver;Copyright (c) 2005-2020 NVIDIA Corporation;Built on Thu_Jun_11_22:26:38_PDT_2020;Cuda compilation tools, release 11.0, V11.0.194;Build cuda_11.0_bu.TC445_37.28540450_0
CUDA compiler flags:-std=c++17;--generate-code=arch=compute_35,code=compute_35;--generate-code=arch=compute_70,code=compute_70;--generate-code=arch=compute_80,code=compute_80;-use_fast_math;-Xptxas;-warn-double-usage;-Xptxas;-Werror;;-Xcompiler;-fopenmp;-fexcess-precision=fast -funroll-all-loops -mavx2 -mfma -Wno-missing-field-initializers -Wno-cast-function-type-strict -fopenmp -O3 -DNDEBUG
CUDA driver:         0.0
CUDA runtime:        N/A


Running on 1 node with total 1 cores, 1 processing units (GPU detection failed)
Hardware detected on host chas001 (the node of MPI rank 0):
  CPU info:
    Vendor: Intel
    Brand:  Intel(R) Xeon(R) CPU E5-2680 v3 @ 2.50GHz
    Family: 6   Model: 63   Stepping: 2
    Features: aes apic avx avx2 clfsh cmov cx8 cx16 f16c fma htt intel lahf mmx msr nonstop_tsc pcid pclmuldq pdcm pdpe1gb popcnt pse rdrnd rdtscp sse2 sse3 sse4.1 sse4.2 ssse3 tdt x2apic
  Hardware topology: Basic
    Packages, cores, and logical processors:
    [indices refer to OS logical processors]
      Package  1: [  21]
    CPU limit set by OS: -1   Recommended max number of threads: 1


++++ PLEASE READ AND CITE THE FOLLOWING REFERENCE ++++
M. J. Abraham, T. Murtola, R. Schulz, S. Páll, J. C. Smith, B. Hess, E.
Lindahl
GROMACS: High performance molecular simulations through multi-level
parallelism from laptops to supercomputers
SoftwareX 1 (2015) pp. 19-25
-------- -------- --- Thank You --- -------- --------


++++ PLEASE READ AND CITE THE FOLLOWING REFERENCE ++++
S. Páll, M. J. Abraham, C. Kutzner, B. Hess, E. Lindahl
Tackling Exascale Software Challenges in Molecular Dynamics Simulations with
GROMACS
In S. Markidis & E. Laure (Eds.), Solving Software Challenges for Exascale 8759 (2015) pp. 3-27
-------- -------- --- Thank You --- -------- --------


++++ PLEASE READ AND CITE THE FOLLOWING REFERENCE ++++
S. Pronk, S. Páll, R. Schulz, P. Larsson, P. Bjelkmar, R. Apostolov, M. R.
Shirts, J. C. Smith, P. M. Kasson, D. van der Spoel, B. Hess, and E. Lindahl
GROMACS 4.5: a high-throughput and highly parallel open source molecular
simulation toolkit
Bioinformatics 29 (2013) pp. 845-54
-------- -------- --- Thank You --- -------- --------


++++ PLEASE READ AND CITE THE FOLLOWING REFERENCE ++++
B. Hess and C. Kutzner and D. van der Spoel and E. Lindahl
GROMACS 4: Algorithms for highly efficient, load-balanced, and scalable
molecular simulation
J. Chem. Theory Comput. 4 (2008) pp. 435-447
-------- -------- --- Thank You --- -------- --------


++++ PLEASE READ AND CITE THE FOLLOWING REFERENCE ++++
D. van der Spoel, E. Lindahl, B. Hess, G. Groenhof, A. E. Mark and H. J. C.
Berendsen
GROMACS: Fast, Flexible and Free
J. Comp. Chem. 26 (2005) pp. 1701-1719
-------- -------- --- Thank You --- -------- --------


++++ PLEASE READ AND CITE THE FOLLOWING REFERENCE ++++
E. Lindahl and B. Hess and D. van der Spoel
GROMACS 3.0: A package for molecular simulation and trajectory analysis
J. Mol. Mod. 7 (2001) pp. 306-317
-------- -------- --- Thank You --- -------- --------


++++ PLEASE READ AND CITE THE FOLLOWING REFERENCE ++++
H. J. C. Berendsen, D. van der Spoel and R. van Drunen
GROMACS: A message-passing parallel molecular dynamics implementation
Comp. Phys. Comm. 91 (1995) pp. 43-56
-------- -------- --- Thank You --- -------- --------


++++ PLEASE CITE THE DOI FOR THIS VERSION OF GROMACS ++++
https://doi.org/10.5281/zenodo.11148655
-------- -------- --- Thank You --- -------- --------


The number of OpenMP threads was set by environment variable OMP_NUM_THREADS to 1

Input Parameters:
   integrator                     = md
   tinit                          = 0
   dt                             = 0.002
   nsteps                         = 15000
   init-step                      = 0
   simulation-part                = 1
   mts                            = false
   mass-repartition-factor        = 1
   comm-mode                      = Linear
   nstcomm                        = 100
   bd-fric                        = 0
   ld-seed                        = 920641535
   emtol                          = 10
   emstep                         = 0.01
   niter                          = 20
   fcstep                         = 0
   nstcgsteep                     = 1000
   nbfgscorr                      = 10
   rtpi                           = 0.05
   nstxout                        = 0
   nstvout                        = 0
   nstfout                        = 0
   nstlog                         = 500
   nstcalcenergy                  = 100
   nstenergy                      = 500
   nstxout-compressed             = 500
   compressed-x-precision         = 1000
   cutoff-scheme                  = Verlet
   nstlist                        = 10
   pbc                            = xyz
   periodic-molecules             = false
   verlet-buffer-tolerance        = 0.005
   verlet-buffer-pressure-tolerance = 0.5
   rlist                          = 1
   coulombtype                    = PME
   coulomb-modifier               = Potential-shift
   rcoulomb-switch                = 0
   rcoulomb                       = 1
   epsilon-r                      = 1
   epsilon-rf                     = inf
   vdw-type                       = Cut-off
   vdw-modifier                   = Potential-shift
   rvdw-switch                    = 0
   rvdw                           = 1
   DispCorr                       = EnerPres
   table-extension                = 1
   fourierspacing                 = 0.16
   fourier-nx                     = 48
   fourier-ny                     = 48
   fourier-nz                     = 48
   pme-order                      = 4
   ewald-rtol                     = 1e-05
   ewald-rtol-lj                  = 0.001
   lj-pme-comb-rule               = Geometric
   ewald-geometry                 = 3d
   epsilon-surface                = 0
   ensemble-temperature-setting   = constant
   ensemble-temperature           = 300
   tcoupl                         = V-rescale
   nsttcouple                     = 10
   nh-chain-length                = 0
   print-nose-hoover-chain-variables = false
   pcoupl                         = Parrinello-Rahman
   pcoupltype                     = Isotropic
   nstpcouple                     = 50
   tau-p                          = 2
   compressibility (3x3):
      compressibility[    0]={ 4.50000e-05,  0.00000e+00,  0.00000e+00}
      compressibility[    1]={ 0.00000e+00,  4.50000e-05,  0.00000e+00}
      compressibility[    2]={ 0.00000e+00,  0.00000e+00,  4.50000e-05}
   ref-p (3x3):
      ref-p[    0]={ 1.00000e+00,  0.00000e+00,  0.00000e+00}
      ref-p[    1]={ 0.00000e+00,  1.00000e+00,  0.00000e+00}
      ref-p[    2]={ 0.00000e+00,  0.00000e+00,  1.00000e+00}
   refcoord-scaling               = No
   posres-com (3):
      posres-com[0]= 0.00000e+00
      posres-com[1]= 0.00000e+00
      posres-com[2]= 0.00000e+00
   posres-comB (3):
      posres-comB[0]= 0.00000e+00
      posres-comB[1]= 0.00000e+00
      posres-comB[2]= 0.00000e+00
   QMMM                           = false
qm-opts:
   ngQM                           = 0
   constraint-algorithm           = Lincs
   continuation                   = true
   Shake-SOR                      = false
   shake-tol                      = 0.0001
   lincs-order                    = 4
   lincs-iter                     = 1
   lincs-warnangle                = 30
   nwall                          = 0
   wall-type                      = 9-3
   wall-r-linpot                  = -1
   wall-atomtype[0]               = -1
   wall-atomtype[1]               = -1
   wall-density[0]                = 0
   wall-density[1]                = 0
   wall-ewald-zfac                = 3
   pull                           = false
   awh                            = false
   rotation                       = false
   interactiveMD                  = false
   disre                          = No
   disre-weighting                = Conservative
   disre-mixed                    = false
   dr-fc                          = 1000
   dr-tau                         = 0
   nstdisreout                    = 100
   orire-fc                       = 0
   orire-tau                      = 0
   nstorireout                    = 100
   free-energy                    = no
   cos-acceleration               = 0
   deform (3x3):
      deform[    0]={ 0.00000e+00,  0.00000e+00,  0.00000e+00}
      deform[    1]={ 0.00000e+00,  0.00000e+00,  0.00000e+00}
      deform[    2]={ 0.00000e+00,  0.00000e+00,  0.00000e+00}
   simulated-tempering            = false
   swapcoords                     = no
   userint1                       = 0
   userint2                       = 0
   userint3                       = 0
   userint4                       = 0
   userreal1                      = 0
   userreal2                      = 0
   userreal3                      = 0
   userreal4                      = 0
   applied-forces:
     electric-field:
       x:
         E0                       = 0
         omega                    = 0
         t0                       = 0
         sigma                    = 0
       y:
         E0                       = 0
         omega                    = 0
         t0                       = 0
         sigma                    = 0
       z:
         E0                       = 0
         omega                    = 0
         t0                       = 0
         sigma                    = 0
     density-guided-simulation:
       active                     = false
       group                      = protein
       similarity-measure         = inner-product
       atom-spreading-weight      = unity
       force-constant             = 1e+09
       gaussian-transform-spreading-width = 0.2
       gaussian-transform-spreading-range-in-multiples-of-width = 4
       reference-density-filename = reference.mrc
       nst                        = 1
       normalize-densities        = true
       adaptive-force-scaling     = false
       adaptive-force-scaling-time-constant = 4
       shift-vector               = 
       transformation-matrix      = 
     qmmm-cp2k:
       active                     = false
       qmgroup                    = System
       qmmethod                   = PBE
       qmfilenames                = 
       qmcharge                   = 0
       qmmultiplicity             = 1
     colvars:
       active                     = false
       configfile                 = 
       seed                       = -1
grpopts:
   nrdf:     4920.82     75549.2
   ref-t:         300         300
   tau-t:         0.1         0.1
annealing:          No          No
annealing-npoints:           0           0
   acc:	           0           0           0
   nfreeze:           N           N           N
   energygrp-flags[  0]: 0

Changing nstlist from 10 to 50, rlist from 1 to 1.109


Initializing Domain Decomposition on 1 ranks
Dynamic load balancing: auto
Using update groups, nr 13597, average size 2.9 atoms, max. radius 0.139 nm
Minimum cell size due to atom displacement: 0.401 nm
Initial maximum distances in bonded interactions:
    two-body bonded interactions: 0.440 nm, LJ-14, atoms 1156 1405
  multi-body bonded interactions: 0.470 nm, CMAP Dih., atoms 1176 1197
Minimum cell size due to bonded interactions: 0.517 nm
Using 0 separate PME ranks because: there are too few total ranks for efficient splitting
Optimizing the DD grid for 1 cells with a minimum initial size of 0.517 nm
The maximum allowed number of cells is: X 14 Y 14 Z 14
Domain decomposition grid 1 x 1 x 1, separate PME ranks 0
PME domain decomposition: 1 x 1 x 1

The initial number of communication pulses is:
The initial domain decomposition cell size is:

The maximum allowed distance for atom groups involved in interactions is:
                 non-bonded interactions           1.387 nm
(the following are initial values, they could change due to box deformation)
            two-body bonded interactions  (-rdd)   1.387 nm
          multi-body bonded interactions  (-rdd)   1.387 nm

When dynamic load balancing gets turned on, these settings will change to:
The maximum number of communication pulses is:
The minimum size for domain decomposition cells is 1.387 nm
The requested allowed shrink of DD cells (option -dds) is: 0.80
The allowed shrink of domain decomposition cells is:
The maximum allowed distance for atom groups involved in interactions is:
                 non-bonded interactions           1.387 nm
            two-body bonded interactions  (-rdd)   1.387 nm
          multi-body bonded interactions  (-rdd)   1.387 nm

Using 1 MPI process

Non-default thread affinity set, disabling internal thread affinity

Using 1 OpenMP thread 

System total charge: 0.000
Will do PME sum in reciprocal space for electrostatic interactions.

++++ PLEASE READ AND CITE THE FOLLOWING REFERENCE ++++
U. Essmann, L. Perera, M. L. Berkowitz, T. Darden, H. Lee and L. G. Pedersen 
A smooth particle mesh Ewald method
J. Chem. Phys. 103 (1995) pp. 8577-8592
-------- -------- --- Thank You --- -------- --------

Using a Gaussian width (1/beta) of 0.320163 nm for Ewald
Potential shift: LJ r^-12: -1.000e+00 r^-6: -1.000e+00, Ewald -1.000e-05
Initialized non-bonded Coulomb Ewald tables, spacing: 9.33e-04 size: 1073

Generated table with 1054 data points for 1-4 COUL.
Tabscale = 500 points/nm
Generated table with 1054 data points for 1-4 LJ6.
Tabscale = 500 points/nm
Generated table with 1054 data points for 1-4 LJ12.
Tabscale = 500 points/nm
Long Range LJ corr.: <C6> 3.0057e-04


Using SIMD4xM 4x8 nonbonded short-range kernels

Using a dual 4x8 pair-list setup updated with dynamic pruning:
  outer list: updated every 50 steps, buffer 0.109 nm, rlist 1.109 nm
  inner list: updated every 10 steps, buffer 0.000 nm, rlist 1.000 nm
At tolerance 0.005 kJ/mol/ps per atom, equivalent classical 1x1 list would be:
  outer list: updated every 50 steps, buffer 0.235 nm, rlist 1.235 nm
  inner list: updated every 10 steps, buffer 0.035 nm, rlist 1.035 nm

The average pressure is off by at most 0.42 bar due to missing LJ interactions

Using Lorentz-Berthelot Lennard-Jones combination rule

Linking all bonded interactions to atoms


Initializing LINear Constraint Solver

++++ PLEASE READ AND CITE THE FOLLOWING REFERENCE ++++
B. Hess and H. Bekker and H. J. C. Berendsen and J. G. E. M. Fraaije
LINCS: A Linear Constraint Solver for molecular simulations
J. Comp. Chem. 18 (1997) pp. 1463-1472
-------- -------- --- Thank You --- -------- --------

The number of constraints is 959

++++ PLEASE READ AND CITE THE FOLLOWING REFERENCE ++++
S. Miyamoto and P. A. Kollman
SETTLE: An Analytical Version of the SHAKE and RATTLE Algorithms for Rigid
Water Models
J. Comp. Chem. 13 (1992) pp. 952-962
-------- -------- --- Thank You --- -------- --------


++++ PLEASE READ AND CITE THE FOLLOWING REFERENCE ++++
G. Bussi, D. Donadio and M. Parrinello
Canonical sampling through velocity rescaling
J. Chem. Phys. 126 (2007) pp. 014101
-------- -------- --- Thank You --- -------- --------

There are: 39732 Atoms

Atom distribution over 1 domains: av 39732 stddev 0 min 39732 max 39732
Center of mass motion removal mode is Linear
We have the following groups for center of mass motion removal:
  0:  rest

Started mdrun on rank 0 Tue Oct 21 12:54:17 2025

           Step           Time
              0        0.00000

   Energies (kJ/mol)
           Bond            U-B    Proper Dih.  Improper Dih.      CMAP Dih.
    1.67716e+03    4.42761e+03    2.83411e+03    3.01455e+02   -8.51987e+02
          LJ-14     Coulomb-14        LJ (SR)  Disper. corr.   Coulomb (SR)
    1.45300e+03    1.29532e+04    7.57934e+04   -5.01196e+03   -6.22083e+05
   Coul. recip.      Potential    Kinetic En.   Total Energy  Conserved En.
    3.52188e+03   -5.24985e+05    1.00489e+05   -4.24496e+05   -4.24472e+05
    Temperature Pres. DC (bar) Pressure (bar)   Constr. rmsd
    3.00386e+02   -2.10370e+02    1.31025e+02    2.99556e-06

           Step           Time
            500        1.00000

   Energies (kJ/mol)
           Bond            U-B    Proper Dih.  Improper Dih.      CMAP Dih.
    1.67528e+03    4.53912e+03    2.88204e+03    3.07997e+02   -8.54899e+02
          LJ-14     Coulomb-14        LJ (SR)  Disper. corr.   Coulomb (SR)
    1.42794e+03    1.29981e+04    7.58468e+04   -4.95505e+03   -6.22486e+05
   Coul. recip.      Potential    Kinetic En.   Total Energy  Conserved En.
    3.42949e+03   -5.25189e+05    1.00692e+05   -4.24497e+05   -4.24808e+05
    Temperature Pres. DC (bar) Pressure (bar)   Constr. rmsd
    3.00994e+02   -2.05624e+02   -1.26868e+02    2.91477e-06

           Step           Time
           1000        2.00000

   Energies (kJ/mol)
           Bond            U-B    Proper Dih.  Improper Dih.      CMAP Dih.
    1.61407e+03    4.36599e+03    2.93335e+03    2.54231e+02   -9.03351e+02
          LJ-14     Coulomb-14        LJ (SR)  Disper. corr.   Coulomb (SR)
    1.42358e+03    1.28661e+04    7.65338e+04   -4.97301e+03   -6.24131e+05
   Coul. recip.      Potential    Kinetic En.   Total Energy  Conserved En.
    3.49611e+03   -5.26520e+05    9.99956e+04   -4.26524e+05   -4.24810e+05
    Temperature Pres. DC (bar) Pressure (bar)   Constr. rmsd
    2.98912e+02   -2.07116e+02    6.09897e+01    2.84526e-06

           Step           Time
           1500        3.00000

   Energies (kJ/mol)
           Bond            U-B    Proper Dih.  Improper Dih.      CMAP Dih.
    1.69282e+03    4.47232e+03    2.88790e+03    2.80960e+02   -8.59553e+02
          LJ-14     Coulomb-14        LJ (SR)  Disper. corr.   Coulomb (SR)
    1.39590e+03    1.28946e+04    7.54134e+04   -4.95871e+03   -6.21359e+05
   Coul. recip.      Potential    Kinetic En.   Total Energy  Conserved En.
    3.52909e+03   -5.24610e+05    9.95244e+04   -4.25086e+05   -4.24784e+05
    Temperature Pres. DC (bar) Pressure (bar)   Constr. rmsd
    2.97503e+02   -2.05928e+02   -1.52046e+02    2.82763e-06

           Step           Time
           2000        4.00000

   Energies (kJ/mol)
           Bond            U-B    Proper Dih.  Improper Dih.      CMAP Dih.
    1.65804e+03    4.47311e+03    2.80262e+03    2.95678e+02   -8.02058e+02
          LJ-14     Coulomb-14        LJ (SR)  Disper. corr.   Coulomb (SR)
    1.39657e+03    1.30957e+04    7.62565e+04   -4.94683e+03   -6.22700e+05
   Coul. recip.      Potential    Kinetic En.   Total Energy  Conserved En.
    3.51912e+03   -5.24951e+05    9.98118e+04   -4.25140e+05   -4.24809e+05
    Temperature Pres. DC (bar) Pressure (bar)   Constr. rmsd
    2.98362e+02   -2.04944e+02   -5.79150e+00    2.57856e-06

           Step           Time
           2500        5.00000

   Energies (kJ/mol)
           Bond            U-B    Proper Dih.  Improper Dih.      CMAP Dih.
    1.64903e+03    4.43731e+03    2.78629e+03    2.60601e+02   -8.16202e+02
          LJ-14     Coulomb-14        LJ (SR)  Disper. corr.   Coulomb (SR)
    1.42077e+03    1.29655e+04    7.64207e+04   -4.97746e+03   -6.23588e+05
   Coul. recip.      Potential    Kinetic En.   Total Energy  Conserved En.
    3.58090e+03   -5.25861e+05    1.00076e+05   -4.25785e+05   -4.24788e+05
    Temperature Pres. DC (bar) Pressure (bar)   Constr. rmsd
    2.99151e+02   -2.07487e+02    1.09870e+02    3.04775e-06

           Step           Time
           3000        6.00000

   Energies (kJ/mol)
           Bond            U-B    Proper Dih.  Improper Dih.      CMAP Dih.
    1.57411e+03    4.51580e+03    2.84502e+03    2.79791e+02   -8.67933e+02
          LJ-14     Coulomb-14        LJ (SR)  Disper. corr.   Coulomb (SR)
    1.44082e+03    1.31047e+04    7.53130e+04   -4.93729e+03   -6.21384e+05
   Coul. recip.      Potential    Kinetic En.   Total Energy  Conserved En.
    3.44359e+03   -5.24673e+05    1.00437e+05   -4.24236e+05   -4.24796e+05
    Temperature Pres. DC (bar) Pressure (bar)   Constr. rmsd
    3.00231e+02   -2.04155e+02   -1.77624e+02    2.95969e-06

           Step           Time
           3500        7.00000

   Energies (kJ/mol)
           Bond            U-B    Proper Dih.  Improper Dih.      CMAP Dih.
    1.64176e+03    4.16612e+03    2.91355e+03    3.16214e+02   -8.83901e+02
          LJ-14     Coulomb-14        LJ (SR)  Disper. corr.   Coulomb (SR)
    1.48925e+03    1.30968e+04    7.54755e+04   -4.96250e+03   -6.22170e+05
   Coul. recip.      Potential    Kinetic En.   Total Energy  Conserved En.
    3.56645e+03   -5.25351e+05    1.01018e+05   -4.24333e+05   -4.24783e+05
    Temperature Pres. DC (bar) Pressure (bar)   Constr. rmsd
    3.01968e+02   -2.06243e+02   -5.78280e+01    2.91333e-06

           Step           Time
           4000        8.00000

   Energies (kJ/mol)
           Bond            U-B    Proper Dih.  Improper Dih.      CMAP Dih.
    1.58449e+03    4.56714e+03    2.73888e+03    2.28584e+02   -8.90478e+02
          LJ-14     Coulomb-14        LJ (SR)  Disper. corr.   Coulomb (SR)
    1.44042e+03    1.28747e+04    7.58627e+04   -4.97632e+03   -6.23183e+05
   Coul. recip.      Potential    Kinetic En.   Total Energy  Conserved En.
    3.46028e+03   -5.26292e+05    1.00463e+05   -4.25829e+05   -4.24771e+05
    Temperature Pres. DC (bar) Pressure (bar)   Constr. rmsd
    3.00310e+02   -2.07392e+02    6.64851e+01    2.90832e-06

           Step           Time
           4500        9.00000

   Energies (kJ/mol)
           Bond            U-B    Proper Dih.  Improper Dih.      CMAP Dih.
    1.58392e+03    4.44805e+03    2.91179e+03    2.99794e+02   -8.51662e+02
          LJ-14     Coulomb-14        LJ (SR)  Disper. corr.   Coulomb (SR)
    1.42656e+03    1.29701e+04    7.47113e+04   -4.94465e+03   -6.21343e+05
   Coul. recip.      Potential    Kinetic En.   Total Energy  Conserved En.
    3.48110e+03   -5.25307e+05    9.96522e+04   -4.25655e+05   -4.24721e+05
    Temperature Pres. DC (bar) Pressure (bar)   Constr. rmsd
    2.97885e+02   -2.04763e+02   -2.31534e+02    2.74092e-06

           Step           Time
           5000       10.00000

   Energies (kJ/mol)
           Bond            U-B    Proper Dih.  Improper Dih.      CMAP Dih.
    1.56892e+03    4.38315e+03    2.82692e+03    2.77804e+02   -8.71685e+02
          LJ-14     Coulomb-14        LJ (SR)  Disper. corr.   Coulomb (SR)
    1.45707e+03    1.31772e+04    7.67824e+04   -4.96774e+03   -6.23182e+05
   Coul. recip.      Potential    Kinetic En.   Total Energy  Conserved En.
    3.49187e+03   -5.25056e+05    1.00082e+05   -4.24974e+05   -4.24720e+05
    Temperature Pres. DC (bar) Pressure (bar)   Constr. rmsd
    2.99169e+02   -2.06678e+02    2.32589e+02    2.92496e-06

           Step           Time
           5500       11.00000

   Energies (kJ/mol)
           Bond            U-B    Proper Dih.  Improper Dih.      CMAP Dih.
    1.63167e+03    4.47885e+03    2.83678e+03    3.20632e+02   -8.86346e+02
          LJ-14     Coulomb-14        LJ (SR)  Disper. corr.   Coulomb (SR)
    1.37391e+03    1.29104e+04    7.55961e+04   -4.95950e+03   -6.22547e+05
   Coul. recip.      Potential    Kinetic En.   Total Energy  Conserved En.
    3.61209e+03   -5.25633e+05    9.95526e+04   -4.26080e+05   -4.24710e+05
    Temperature Pres. DC (bar) Pressure (bar)   Constr. rmsd
    2.97587e+02   -2.05994e+02   -1.39043e+02    2.75212e-06

           Step           Time
           6000       12.00000

   Energies (kJ/mol)
           Bond            U-B    Proper Dih.  Improper Dih.      CMAP Dih.
    1.66279e+03    4.49525e+03    2.78205e+03    2.44367e+02   -8.21299e+02
          LJ-14     Coulomb-14        LJ (SR)  Disper. corr.   Coulomb (SR)
    1.43105e+03    1.30434e+04    7.45874e+04   -4.95400e+03   -6.20746e+05
   Coul. recip.      Potential    Kinetic En.   Total Energy  Conserved En.
    3.56821e+03   -5.24707e+05    9.96136e+04   -4.25094e+05   -4.24671e+05
    Temperature Pres. DC (bar) Pressure (bar)   Constr. rmsd
    2.97770e+02   -2.05537e+02   -1.16879e+02    2.71989e-06

           Step           Time
           6500       13.00000

   Energies (kJ/mol)
           Bond            U-B    Proper Dih.  Improper Dih.      CMAP Dih.
    1.52278e+03    4.33368e+03    2.78754e+03    2.46378e+02   -8.49086e+02
          LJ-14     Coulomb-14        LJ (SR)  Disper. corr.   Coulomb (SR)
    1.45031e+03    1.30347e+04    7.73390e+04   -4.99391e+03   -6.25075e+05
   Coul. recip.      Potential    Kinetic En.   Total Energy  Conserved En.
    3.40804e+03   -5.26796e+05    9.97661e+04   -4.27030e+05   -4.24671e+05
    Temperature Pres. DC (bar) Pressure (bar)   Constr. rmsd
    2.98225e+02   -2.08859e+02    1.48309e+02    2.46644e-06

           Step           Time
           7000       14.00000

   Energies (kJ/mol)
           Bond            U-B    Proper Dih.  Improper Dih.      CMAP Dih.
    1.63257e+03    4.43585e+03    2.79373e+03    2.88247e+02   -8.73184e+02
          LJ-14     Coulomb-14        LJ (SR)  Disper. corr.   Coulomb (SR)
    1.39704e+03    1.29845e+04    7.56570e+04   -4.97550e+03   -6.22214e+05
   Coul. recip.      Potential    Kinetic En.   Total Energy  Conserved En.
    3.43521e+03   -5.25439e+05    1.00685e+05   -4.24754e+05   -4.24668e+05
    Temperature Pres. DC (bar) Pressure (bar)   Constr. rmsd
    3.00972e+02   -2.07324e+02   -9.57624e+01    2.87232e-06

           Step           Time
           7500       15.00000

   Energies (kJ/mol)
           Bond            U-B    Proper Dih.  Improper Dih.      CMAP Dih.
    1.56516e+03    4.38964e+03    2.91485e+03    2.77323e+02   -8.82586e+02
          LJ-14     Coulomb-14        LJ (SR)  Disper. corr.   Coulomb (SR)
    1.49000e+03    1.31578e+04    7.66491e+04   -4.98044e+03   -6.23029e+05
   Coul. recip.      Potential    Kinetic En.   Total Energy  Conserved En.
    3.46134e+03   -5.24986e+05    1.00016e+05   -4.24970e+05   -4.24642e+05
    Temperature Pres. DC (bar) Pressure (bar)   Constr. rmsd
    2.98974e+02   -2.07735e+02    2.13333e+02    2.75464e-06

           Step           Time
           8000       16.00000

   Energies (kJ/mol)
           Bond            U-B    Proper Dih.  Improper Dih.      CMAP Dih.
    1.74014e+03    4.66997e+03    2.84049e+03    2.69969e+02   -8.51801e+02
          LJ-14     Coulomb-14        LJ (SR)  Disper. corr.   Coulomb (SR)
    1.35825e+03    1.27857e+04    7.64960e+04   -4.94293e+03   -6.21505e+05
   Coul. recip.      Potential    Kinetic En.   Total Energy  Conserved En.
    3.47908e+03   -5.23660e+05    1.00359e+05   -4.23301e+05   -4.24634e+05
    Temperature Pres. DC (bar) Pressure (bar)   Constr. rmsd
    2.99998e+02   -2.04622e+02    1.11647e+00    2.70385e-06

           Step           Time
           8500       17.00000

   Energies (kJ/mol)
           Bond            U-B    Proper Dih.  Improper Dih.      CMAP Dih.
    1.61703e+03    4.45149e+03    2.84909e+03    2.86145e+02   -8.34296e+02
          LJ-14     Coulomb-14        LJ (SR)  Disper. corr.   Coulomb (SR)
    1.44275e+03    1.27911e+04    7.70872e+04   -4.98574e+03   -6.23746e+05
   Coul. recip.      Potential    Kinetic En.   Total Energy  Conserved En.
    3.52654e+03   -5.25515e+05    1.00188e+05   -4.25326e+05   -4.24603e+05
    Temperature Pres. DC (bar) Pressure (bar)   Constr. rmsd
    2.99488e+02   -2.08177e+02    1.49978e+02    2.79706e-06

           Step           Time
           9000       18.00000

   Energies (kJ/mol)
           Bond            U-B    Proper Dih.  Improper Dih.      CMAP Dih.
    1.65455e+03    4.43891e+03    2.81082e+03    2.93197e+02   -8.63062e+02
          LJ-14     Coulomb-14        LJ (SR)  Disper. corr.   Coulomb (SR)
    1.39870e+03    1.30194e+04    7.59896e+04   -4.95245e+03   -6.21913e+05
   Coul. recip.      Potential    Kinetic En.   Total Energy  Conserved En.
    3.52220e+03   -5.24602e+05    1.00385e+05   -4.24216e+05   -4.24600e+05
    Temperature Pres. DC (bar) Pressure (bar)   Constr. rmsd
    3.00076e+02   -2.05409e+02   -2.84379e+01    2.62506e-06

           Step           Time
           9500       19.00000

   Energies (kJ/mol)
           Bond            U-B    Proper Dih.  Improper Dih.      CMAP Dih.
    1.69016e+03    4.46966e+03    2.80875e+03    2.78235e+02   -8.41835e+02
          LJ-14     Coulomb-14        LJ (SR)  Disper. corr.   Coulomb (SR)
    1.32879e+03    1.29195e+04    7.46909e+04   -4.94951e+03   -6.19913e+05
   Coul. recip.      Potential    Kinetic En.   Total Energy  Conserved En.
    3.51205e+03   -5.24006e+05    9.95321e+04   -4.24474e+05   -4.24592e+05
    Temperature Pres. DC (bar) Pressure (bar)   Constr. rmsd
    2.97526e+02   -2.05166e+02   -2.34800e+02    2.91767e-06

           Step           Time
          10000       20.00000

   Energies (kJ/mol)
           Bond            U-B    Proper Dih.  Improper Dih.      CMAP Dih.
    1.56196e+03    4.42845e+03    2.84937e+03    2.72834e+02   -8.20646e+02
          LJ-14     Coulomb-14        LJ (SR)  Disper. corr.   Coulomb (SR)
    1.41204e+03    1.30494e+04    7.53038e+04   -4.96052e+03   -6.22802e+05
   Coul. recip.      Potential    Kinetic En.   Total Energy  Conserved En.
    3.57105e+03   -5.26135e+05    9.98188e+04   -4.26316e+05   -4.24610e+05
    Temperature Pres. DC (bar) Pressure (bar)   Constr. rmsd
    2.98383e+02   -2.06079e+02   -6.28807e+01    2.60232e-06

           Step           Time
          10500       21.00000

   Energies (kJ/mol)
           Bond            U-B    Proper Dih.  Improper Dih.      CMAP Dih.
    1.62815e+03    4.58419e+03    2.82861e+03    2.69418e+02   -8.46583e+02
          LJ-14     Coulomb-14        LJ (SR)  Disper. corr.   Coulomb (SR)
    1.37310e+03    1.32066e+04    7.58047e+04   -4.95801e+03   -6.22584e+05
   Coul. recip.      Potential    Kinetic En.   Total Energy  Conserved En.
    3.54602e+03   -5.25148e+05    1.00682e+05   -4.24467e+05   -4.24602e+05
    Temperature Pres. DC (bar) Pressure (bar)   Constr. rmsd
    3.00962e+02   -2.05870e+02    7.60032e+00    2.70218e-06

           Step           Time
          11000       22.00000

   Energies (kJ/mol)
           Bond            U-B    Proper Dih.  Improper Dih.      CMAP Dih.
    1.58558e+03    4.16246e+03    2.90020e+03    2.86842e+02   -8.77255e+02
          LJ-14     Coulomb-14        LJ (SR)  Disper. corr.   Coulomb (SR)
    1.43618e+03    1.31226e+04    7.52075e+04   -4.96973e+03   -6.21955e+05
   Coul. recip.      Potential    Kinetic En.   Total Energy  Conserved En.
    3.45811e+03   -5.25642e+05    9.99600e+04   -4.25682e+05   -4.24600e+05
    Temperature Pres. DC (bar) Pressure (bar)   Constr. rmsd
    2.98805e+02   -2.06843e+02   -3.41066e+01    2.92417e-06

           Step           Time
          11500       23.00000

   Energies (kJ/mol)
           Bond            U-B    Proper Dih.  Improper Dih.      CMAP Dih.
    1.67512e+03    4.26985e+03    2.88823e+03    3.30773e+02   -9.11810e+02
          LJ-14     Coulomb-14        LJ (SR)  Disper. corr.   Coulomb (SR)
    1.36444e+03    1.30863e+04    7.70958e+04   -4.97698e+03   -6.24564e+05
   Coul. recip.      Potential    Kinetic En.   Total Energy  Conserved En.
    3.53496e+03   -5.26207e+05    1.00534e+05   -4.25674e+05   -4.24585e+05
    Temperature Pres. DC (bar) Pressure (bar)   Constr. rmsd
    3.00520e+02   -2.07447e+02   -5.76421e+00    2.60576e-06

           Step           Time
          12000       24.00000

   Energies (kJ/mol)
           Bond            U-B    Proper Dih.  Improper Dih.      CMAP Dih.
    1.66798e+03    4.61358e+03    2.94662e+03    3.02408e+02   -8.38943e+02
          LJ-14     Coulomb-14        LJ (SR)  Disper. corr.   Coulomb (SR)
    1.39440e+03    1.29401e+04    7.61606e+04   -4.98121e+03   -6.22054e+05
   Coul. recip.      Potential    Kinetic En.   Total Energy  Conserved En.
    3.48032e+03   -5.24369e+05    1.00866e+05   -4.23502e+05   -4.24579e+05
    Temperature Pres. DC (bar) Pressure (bar)   Constr. rmsd
    3.01514e+02   -2.07799e+02    2.01121e+02    2.74090e-06

           Step           Time
          12500       25.00000

   Energies (kJ/mol)
           Bond            U-B    Proper Dih.  Improper Dih.      CMAP Dih.
    1.63606e+03    4.48163e+03    2.90287e+03    2.85663e+02   -8.72138e+02
          LJ-14     Coulomb-14        LJ (SR)  Disper. corr.   Coulomb (SR)
    1.43068e+03    1.29929e+04    7.66847e+04   -4.94037e+03   -6.22798e+05
   Coul. recip.      Potential    Kinetic En.   Total Energy  Conserved En.
    3.58881e+03   -5.24608e+05    1.00231e+05   -4.24376e+05   -4.24568e+05
    Temperature Pres. DC (bar) Pressure (bar)   Constr. rmsd
    2.99616e+02   -2.04410e+02    1.13117e+02    2.66878e-06

           Step           Time
          13000       26.00000

   Energies (kJ/mol)
           Bond            U-B    Proper Dih.  Improper Dih.      CMAP Dih.
    1.69283e+03    4.38580e+03    2.94738e+03    2.85286e+02   -8.45613e+02
          LJ-14     Coulomb-14        LJ (SR)  Disper. corr.   Coulomb (SR)
    1.41506e+03    1.30480e+04    7.67818e+04   -4.97460e+03   -6.23119e+05
   Coul. recip.      Potential    Kinetic En.   Total Energy  Conserved En.
    3.54567e+03   -5.24837e+05    9.98908e+04   -4.24947e+05   -4.24553e+05
    Temperature Pres. DC (bar) Pressure (bar)   Constr. rmsd
    2.98598e+02   -2.07249e+02    7.87183e+01    2.87281e-06

           Step           Time
          13500       27.00000

   Energies (kJ/mol)
           Bond            U-B    Proper Dih.  Improper Dih.      CMAP Dih.
    1.71219e+03    4.39722e+03    2.93762e+03    2.76020e+02   -9.01952e+02
          LJ-14     Coulomb-14        LJ (SR)  Disper. corr.   Coulomb (SR)
    1.43552e+03    1.31376e+04    7.60828e+04   -4.94790e+03   -6.22694e+05
   Coul. recip.      Potential    Kinetic En.   Total Energy  Conserved En.
    3.53569e+03   -5.25030e+05    1.00904e+05   -4.24126e+05   -4.24534e+05
    Temperature Pres. DC (bar) Pressure (bar)   Constr. rmsd
    3.01627e+02   -2.05033e+02   -1.30716e+01    2.95217e-06

           Step           Time
          14000       28.00000

   Energies (kJ/mol)
           Bond            U-B    Proper Dih.  Improper Dih.      CMAP Dih.
    1.49624e+03    4.29022e+03    2.88648e+03    2.86648e+02   -8.83372e+02
          LJ-14     Coulomb-14        LJ (SR)  Disper. corr.   Coulomb (SR)
    1.46980e+03    1.31669e+04    7.66029e+04   -4.99500e+03   -6.23408e+05
   Coul. recip.      Potential    Kinetic En.   Total Energy  Conserved En.
    3.59985e+03   -5.25488e+05    1.00366e+05   -4.25122e+05   -4.24500e+05
    Temperature Pres. DC (bar) Pressure (bar)   Constr. rmsd
    3.00019e+02   -2.08950e+02    2.54867e+02    2.64050e-06

           Step           Time
          14500       29.00000

   Energies (kJ/mol)
           Bond            U-B    Proper Dih.  Improper Dih.      CMAP Dih.
    1.73258e+03    4.41967e+03    2.92707e+03    3.21462e+02   -8.59056e+02
          LJ-14     Coulomb-14        LJ (SR)  Disper. corr.   Coulomb (SR)
    1.38404e+03    1.28449e+04    7.43310e+04   -4.95363e+03   -6.20698e+05
   Coul. recip.      Potential    Kinetic En.   Total Energy  Conserved En.
    3.52043e+03   -5.25029e+05    1.00345e+05   -4.24684e+05   -4.24476e+05
    Temperature Pres. DC (bar) Pressure (bar)   Constr. rmsd
    2.99956e+02   -2.05507e+02   -2.63344e+02    2.66824e-06

           Step           Time
          15000       30.00000

Writing checkpoint, step 15000 at Tue Oct 21 13:04:27 2025


   Energies (kJ/mol)
           Bond            U-B    Proper Dih.  Improper Dih.      CMAP Dih.
    1.58253e+03    4.53599e+03    2.90297e+03    2.49967e+02   -8.87012e+02
          LJ-14     Coulomb-14        LJ (SR)  Disper. corr.   Coulomb (SR)
    1.43301e+03    1.31629e+04    7.55781e+04   -4.97263e+03   -6.23258e+05
   Coul. recip.      Potential    Kinetic En.   Total Energy  Conserved En.
    3.57950e+03   -5.26093e+05    1.00518e+05   -4.25575e+05   -4.24470e+05
    Temperature Pres. DC (bar) Pressure (bar)   Constr. rmsd
    3.00474e+02   -2.07085e+02   -6.93714e+01    2.84836e-06


Energy conservation over simulation part #1 of length 30 ps, time 0 to 30 ps
  Conserved energy drift: 1.70e-06 kJ/mol/ps per atom


	<======  ###############  ==>
	<====  A V E R A G E S  ====>
	<==  ###############  ======>

	Statistics over 15001 steps using 151 frames

   Energies (kJ/mol)
           Bond            U-B    Proper Dih.  Improper Dih.      CMAP Dih.
    1.63479e+03    4.42630e+03    2.86151e+03    2.86103e+02   -8.59720e+02
          LJ-14     Coulomb-14        LJ (SR)  Disper. corr.   Coulomb (SR)
    1.42183e+03    1.30107e+04    7.59196e+04   -4.96544e+03   -6.22468e+05
   Coul. recip.      Potential    Kinetic En.   Total Energy  Conserved En.
    3.49392e+03   -5.25238e+05    1.00387e+05   -4.24851e+05   -4.24663e+05
    Temperature Pres. DC (bar) Pressure (bar)   Constr. rmsd
    3.00081e+02   -2.06489e+02    2.93872e+00    0.00000e+00

          Box-X          Box-Y          Box-Z
    7.36682e+00    7.36682e+00    7.36682e+00

   Total Virial (kJ/mol)
    3.32023e+04   -5.26885e+01   -4.93451e+01
   -5.28350e+01    3.33829e+04   -1.35536e+01
   -4.92960e+01   -1.36597e+01    3.37048e+04

   Pressure (bar)
    2.18577e+01    3.63862e+00    4.18060e+00
    3.65080e+00    6.97235e+00    9.87884e-01
    4.17653e+00    9.96687e-01   -2.00138e+01

      T-Protein  T-non-Protein
    2.99978e+02    3.00087e+02


	M E G A - F L O P S   A C C O U N T I N G

 NB=Group-cutoff nonbonded kernels    NxN=N-by-N cluster Verlet kernels
 RF=Reaction-Field  VdW=Van der Waals  QSTab=quadratic-spline table
 W3=SPC/TIP3p  W4=TIP4p (single or pairs)
 V&F=Potential and force  V=Potential only  F=Force only

 Computing:                               M-Number         M-Flops  % Flops
-----------------------------------------------------------------------------
 Pair Search distance check            5203.567818       46832.110     0.2
 NxN Ewald Elec. + LJ [F]            178413.619744    11775298.903    51.6
 NxN Ewald Elec. + LJ [V&F]            1814.376704      194138.307     0.9
 NxN Ewald Elec. [F]                 158940.780416     9695387.605    42.5
 NxN Ewald Elec. [V&F]                 1616.381952      135776.084     0.6
 1,4 nonbonded interactions              76.595106        6893.560     0.0
 Calc Weights                          1788.059196       64370.131     0.3
 Spread Q Bspline                     38145.262848       76290.526     0.3
 Gather F Bspline                     38145.262848      228871.577     1.0
 3D-FFT                               55592.385912      444739.087     1.9
 Solve PME                              864.057600       55299.686     0.2
 Reset In Box                            11.919600          35.759     0.0
 CG-CoM                                  11.959332          35.878     0.0
 Bonds                                   15.376025         907.185     0.0
 Propers                                 62.884192       14400.480     0.1
 Impropers                                5.235349        1088.953     0.0
 Virial                                  11.972877         215.512     0.0
 Stop-CM                                  5.999532          59.995     0.0
 Calc-Ekin                              119.275464        3220.438     0.0
 Lincs                                   14.385959         863.158     0.0
 Lincs-Mat                               71.644776         286.579     0.0
 Constraint-V                           595.269682        5357.427     0.0
 Constraint-Vir                          11.655623         279.735     0.0
 Settle                                 188.832588       69868.058     0.3
 CMAP                                     1.905127        3238.716     0.0
 Urey-Bradley                            53.208547        9737.164     0.0
-----------------------------------------------------------------------------
 Total                                                22833492.613   100.0
-----------------------------------------------------------------------------


    D O M A I N   D E C O M P O S I T I O N   S T A T I S T I C S

 av. #atoms communicated per step for force:  2 x 0.0


      R E A L   C Y C L E   A N D   T I M E   A C C O U N T I N G

On 1 MPI rank

 Activity:              Num   Num      Call    Wall time         Giga-Cycles
                        Ranks Threads  Count      (s)         total sum    %
--------------------------------------------------------------------------------
 Domain decomp.            1    1        300       2.571          6.421   0.4
 Neighbor search           1    1        301      17.382         43.406   2.8
 Force                     1    1      15001     491.832       1228.155  80.5
 PME mesh                  1    1      15001      83.997        209.750  13.7
 NB X/F buffer ops.        1    1      29701       3.794          9.474   0.6
 Write traj.               1    1         31       0.287          0.717   0.0
 Update                    1    1      15001       3.567          8.907   0.6
 Constraints               1    1      15001       6.362         15.886   1.0
 Rest                                              1.115          2.785   0.2
--------------------------------------------------------------------------------
 Total                                           610.908       1525.500 100.0
--------------------------------------------------------------------------------
 Breakdown of PME mesh activities
--------------------------------------------------------------------------------
 PME spread                1    1      15001      40.990        102.356   6.7
 PME gather                1    1      15001      23.896         59.671   3.9
 PME 3D-FFT                1    1      30002      16.887         42.170   2.8
 PME solve Elec            1    1      15001       2.163          5.401   0.4
--------------------------------------------------------------------------------

               Core t (s)   Wall t (s)        (%)
       Time:      610.908      610.908      100.0
                 (ns/day)    (hour/ns)
Performance:        4.243        5.656
Finished mdrun on rank 0 Tue Oct 21 13:04:28 2025

