                      :-) GROMACS - gmx mdrun, 2024.2 (-:

Copyright 1991-2024 The GROMACS Authors.
GROMACS is free software; you can redistribute it and/or modify it
under the terms of the GNU Lesser General Public License
as published by the Free Software Foundation; either version 2.1
of the License, or (at your option) any later version.

                         Current GROMACS contributors:
       Mark Abraham           Andrey Alekseenko           Vladimir Basov      
      Cathrine Bergh            Eliane Briand               Ania Brown        
      Mahesh Doijade            Giacomo Fiorin          Stefan Fleischmann    
      Sergey Gorelov         Gilles Gouaillardet            Alan Gray         
     M. Eric Irrgang         Farzaneh Jalalypour            Joe Jordan        
     Carsten Kutzner           Justin A. Lemkul          Magnus Lundborg      
       Pascal Merz              Vedran Miletic            Dmitry Morozov      
       Julien Nabet              Szilard Pall        Andrea Pasquadibisceglie 
    Michele Pellegrino          Hubert Santuz             Roland Schulz       
     Tatiana Shugaeva          Alexey Shvetsov            Philip Turner       
     Alessandra Villa      Sebastian Wingbermuehle  

                         Previous GROMACS contributors:
        Emile Apol             Rossen Apostolov           James Barnett       
        Paul Bauer          Herman J.C. Berendsen          Par Bjelkmar       
      Christian Blau          Viacheslav Bolnykh            Kevin Boyd        
    Aldert van Buuren          Carlo Camilloni           Rudi van Drunen      
      Anton Feenstra           Oliver Fleetwood            Vytas Gapsys       
       Gaurav Garg             Gerrit Groenhof            Bert de Groot       
      Anca Hamuraru           Vincent Hindriksen          Victor Holanda      
     Aleksei Iupinov          Christoph Junghans        Prashanth Kanduri     
   Dimitrios Karkoulis           Peter Kasson             Sebastian Kehl      
     Sebastian Keller             Jiri Kraus               Per Larsson        
      Viveca Lindahl            Erik Marklund           Pieter Meulenhoff     
      Teemu Murtola              Sander Pronk             Michael Shirts      
      Alfons Sijbers            Balint Soproni         David van der Spoel    
      Peter Tieleman            Carsten Uphoff             Jon Vincent        
     Teemu Virolainen         Christian Wennberg           Maarten Wolf       
      Artem Zhmurov       

                  Coordinated by the GROMACS project leaders:
                           Berk Hess and Erik Lindahl

GROMACS:      gmx mdrun, version 2024.2
Executable:   /home/apps/centos7/gromacs/2024.2/gcc9.1_ompi4.1.2/bin/gmx_mpi
Data prefix:  /home/apps/centos7/gromacs/2024.2/gcc9.1_ompi4.1.2
Working dir:  /scratch/mse/phd/msz248536/ar/mll703
Process ID:   1906
Command line:
  gmx_mpi mdrun -v -deffnm nvt

GROMACS version:     2024.2
Precision:           mixed
Memory model:        64 bit
MPI library:         MPI
MPI library version: Open MPI v4.1.2, package: Open MPI varunj.vfaculty@aice005 Distribution, ident: 4.1.2, repo rev: v4.1.2, Nov 24, 2021
OpenMP support:      enabled (GMX_OPENMP_MAX_THREADS = 128)
GPU support:         CUDA
NBNxM GPU setup:     super-cluster 2x2x2 / cluster 8
SIMD instructions:   AVX2_256
CPU FFT library:     fftw-3.3.8-sse2-avx-avx2-avx2_128
GPU FFT library:     cuFFT
Multi-GPU FFT:       none
RDTSCP usage:        enabled
TNG support:         enabled
Hwloc support:       disabled
Tracing support:     disabled
C compiler:          /home/soft/centOS/compilers/gcc/openmpi/4.1.2/bin/mpicc GNU 9.1.0
C compiler flags:    -fexcess-precision=fast -funroll-all-loops -mavx2 -mfma -Wno-missing-field-initializers -O3 -DNDEBUG
C++ compiler:        /home/soft/centOS/compilers/gcc/openmpi/4.1.2/bin/mpicxx GNU 9.1.0
C++ compiler flags:  -fexcess-precision=fast -funroll-all-loops -mavx2 -mfma -Wno-missing-field-initializers -Wno-cast-function-type-strict -fopenmp -O3 -DNDEBUG
BLAS library:        External - detected on the system
LAPACK library:      External - detected on the system
CUDA compiler:       /home/soft/cuda-11.0.2/bin/nvcc nvcc: NVIDIA (R) Cuda compiler driver;Copyright (c) 2005-2020 NVIDIA Corporation;Built on Thu_Jun_11_22:26:38_PDT_2020;Cuda compilation tools, release 11.0, V11.0.194;Build cuda_11.0_bu.TC445_37.28540450_0
CUDA compiler flags:-std=c++17;--generate-code=arch=compute_35,code=compute_35;--generate-code=arch=compute_70,code=compute_70;--generate-code=arch=compute_80,code=compute_80;-use_fast_math;-Xptxas;-warn-double-usage;-Xptxas;-Werror;;-Xcompiler;-fopenmp;-fexcess-precision=fast -funroll-all-loops -mavx2 -mfma -Wno-missing-field-initializers -Wno-cast-function-type-strict -fopenmp -O3 -DNDEBUG
CUDA driver:         0.0
CUDA runtime:        N/A


Running on 1 node with total 1 cores, 1 processing units (GPU detection failed)
Hardware detected on host chas021 (the node of MPI rank 0):
  CPU info:
    Vendor: Intel
    Brand:  Intel(R) Xeon(R) CPU E5-2680 v3 @ 2.50GHz
    Family: 6   Model: 63   Stepping: 2
    Features: aes apic avx avx2 clfsh cmov cx8 cx16 f16c fma htt intel lahf mmx msr nonstop_tsc pcid pclmuldq pdcm pdpe1gb popcnt pse rdrnd rdtscp sse2 sse3 sse4.1 sse4.2 ssse3 tdt x2apic
  Hardware topology: Basic
    Packages, cores, and logical processors:
    [indices refer to OS logical processors]
      Package  1: [  19]
    CPU limit set by OS: -1   Recommended max number of threads: 1


++++ PLEASE READ AND CITE THE FOLLOWING REFERENCE ++++
M. J. Abraham, T. Murtola, R. Schulz, S. Páll, J. C. Smith, B. Hess, E.
Lindahl
GROMACS: High performance molecular simulations through multi-level
parallelism from laptops to supercomputers
SoftwareX 1 (2015) pp. 19-25
-------- -------- --- Thank You --- -------- --------


++++ PLEASE READ AND CITE THE FOLLOWING REFERENCE ++++
S. Páll, M. J. Abraham, C. Kutzner, B. Hess, E. Lindahl
Tackling Exascale Software Challenges in Molecular Dynamics Simulations with
GROMACS
In S. Markidis & E. Laure (Eds.), Solving Software Challenges for Exascale 8759 (2015) pp. 3-27
-------- -------- --- Thank You --- -------- --------


++++ PLEASE READ AND CITE THE FOLLOWING REFERENCE ++++
S. Pronk, S. Páll, R. Schulz, P. Larsson, P. Bjelkmar, R. Apostolov, M. R.
Shirts, J. C. Smith, P. M. Kasson, D. van der Spoel, B. Hess, and E. Lindahl
GROMACS 4.5: a high-throughput and highly parallel open source molecular
simulation toolkit
Bioinformatics 29 (2013) pp. 845-54
-------- -------- --- Thank You --- -------- --------


++++ PLEASE READ AND CITE THE FOLLOWING REFERENCE ++++
B. Hess and C. Kutzner and D. van der Spoel and E. Lindahl
GROMACS 4: Algorithms for highly efficient, load-balanced, and scalable
molecular simulation
J. Chem. Theory Comput. 4 (2008) pp. 435-447
-------- -------- --- Thank You --- -------- --------


++++ PLEASE READ AND CITE THE FOLLOWING REFERENCE ++++
D. van der Spoel, E. Lindahl, B. Hess, G. Groenhof, A. E. Mark and H. J. C.
Berendsen
GROMACS: Fast, Flexible and Free
J. Comp. Chem. 26 (2005) pp. 1701-1719
-------- -------- --- Thank You --- -------- --------


++++ PLEASE READ AND CITE THE FOLLOWING REFERENCE ++++
E. Lindahl and B. Hess and D. van der Spoel
GROMACS 3.0: A package for molecular simulation and trajectory analysis
J. Mol. Mod. 7 (2001) pp. 306-317
-------- -------- --- Thank You --- -------- --------


++++ PLEASE READ AND CITE THE FOLLOWING REFERENCE ++++
H. J. C. Berendsen, D. van der Spoel and R. van Drunen
GROMACS: A message-passing parallel molecular dynamics implementation
Comp. Phys. Comm. 91 (1995) pp. 43-56
-------- -------- --- Thank You --- -------- --------


++++ PLEASE CITE THE DOI FOR THIS VERSION OF GROMACS ++++
https://doi.org/10.5281/zenodo.11148655
-------- -------- --- Thank You --- -------- --------


The number of OpenMP threads was set by environment variable OMP_NUM_THREADS to 1

Input Parameters:
   integrator                     = md
   tinit                          = 0
   dt                             = 0.002
   nsteps                         = 5000
   init-step                      = 0
   simulation-part                = 1
   mts                            = false
   mass-repartition-factor        = 1
   comm-mode                      = Linear
   nstcomm                        = 100
   bd-fric                        = 0
   ld-seed                        = -70289
   emtol                          = 10
   emstep                         = 0.01
   niter                          = 20
   fcstep                         = 0
   nstcgsteep                     = 1000
   nbfgscorr                      = 10
   rtpi                           = 0.05
   nstxout                        = 500
   nstvout                        = 500
   nstfout                        = 0
   nstlog                         = 500
   nstcalcenergy                  = 100
   nstenergy                      = 500
   nstxout-compressed             = 0
   compressed-x-precision         = 1000
   cutoff-scheme                  = Verlet
   nstlist                        = 10
   pbc                            = xyz
   periodic-molecules             = false
   verlet-buffer-tolerance        = 0.005
   verlet-buffer-pressure-tolerance = 0.5
   rlist                          = 1
   coulombtype                    = PME
   coulomb-modifier               = Potential-shift
   rcoulomb-switch                = 0
   rcoulomb                       = 1
   epsilon-r                      = 1
   epsilon-rf                     = inf
   vdw-type                       = Cut-off
   vdw-modifier                   = Potential-shift
   rvdw-switch                    = 0
   rvdw                           = 1
   DispCorr                       = EnerPres
   table-extension                = 1
   fourierspacing                 = 0.16
   fourier-nx                     = 48
   fourier-ny                     = 48
   fourier-nz                     = 48
   pme-order                      = 4
   ewald-rtol                     = 1e-05
   ewald-rtol-lj                  = 0.001
   lj-pme-comb-rule               = Geometric
   ewald-geometry                 = 3d
   epsilon-surface                = 0
   ensemble-temperature-setting   = constant
   ensemble-temperature           = 300
   tcoupl                         = V-rescale
   nsttcouple                     = 10
   nh-chain-length                = 0
   print-nose-hoover-chain-variables = false
   pcoupl                         = No
   refcoord-scaling               = No
   posres-com (3):
      posres-com[0]= 0.00000e+00
      posres-com[1]= 0.00000e+00
      posres-com[2]= 0.00000e+00
   posres-comB (3):
      posres-comB[0]= 0.00000e+00
      posres-comB[1]= 0.00000e+00
      posres-comB[2]= 0.00000e+00
   QMMM                           = false
qm-opts:
   ngQM                           = 0
   constraint-algorithm           = Lincs
   continuation                   = false
   Shake-SOR                      = false
   shake-tol                      = 0.0001
   lincs-order                    = 4
   lincs-iter                     = 1
   lincs-warnangle                = 30
   nwall                          = 0
   wall-type                      = 9-3
   wall-r-linpot                  = -1
   wall-atomtype[0]               = -1
   wall-atomtype[1]               = -1
   wall-density[0]                = 0
   wall-density[1]                = 0
   wall-ewald-zfac                = 3
   pull                           = false
   awh                            = false
   rotation                       = false
   interactiveMD                  = false
   disre                          = No
   disre-weighting                = Conservative
   disre-mixed                    = false
   dr-fc                          = 1000
   dr-tau                         = 0
   nstdisreout                    = 100
   orire-fc                       = 0
   orire-tau                      = 0
   nstorireout                    = 100
   free-energy                    = no
   cos-acceleration               = 0
   deform (3x3):
      deform[    0]={ 0.00000e+00,  0.00000e+00,  0.00000e+00}
      deform[    1]={ 0.00000e+00,  0.00000e+00,  0.00000e+00}
      deform[    2]={ 0.00000e+00,  0.00000e+00,  0.00000e+00}
   simulated-tempering            = false
   swapcoords                     = no
   userint1                       = 0
   userint2                       = 0
   userint3                       = 0
   userint4                       = 0
   userreal1                      = 0
   userreal2                      = 0
   userreal3                      = 0
   userreal4                      = 0
   applied-forces:
     electric-field:
       x:
         E0                       = 0
         omega                    = 0
         t0                       = 0
         sigma                    = 0
       y:
         E0                       = 0
         omega                    = 0
         t0                       = 0
         sigma                    = 0
       z:
         E0                       = 0
         omega                    = 0
         t0                       = 0
         sigma                    = 0
     density-guided-simulation:
       active                     = false
       group                      = protein
       similarity-measure         = inner-product
       atom-spreading-weight      = unity
       force-constant             = 1e+09
       gaussian-transform-spreading-width = 0.2
       gaussian-transform-spreading-range-in-multiples-of-width = 4
       reference-density-filename = reference.mrc
       nst                        = 1
       normalize-densities        = true
       adaptive-force-scaling     = false
       adaptive-force-scaling-time-constant = 4
       shift-vector               = 
       transformation-matrix      = 
     qmmm-cp2k:
       active                     = false
       qmgroup                    = System
       qmmethod                   = PBE
       qmfilenames                = 
       qmcharge                   = 0
       qmmultiplicity             = 1
     colvars:
       active                     = false
       configfile                 = 
       seed                       = -1
grpopts:
   nrdf:     4920.82     75549.2
   ref-t:         300         300
   tau-t:         0.1         0.1
annealing:          No          No
annealing-npoints:           0           0
   acc:	           0           0           0
   nfreeze:           N           N           N
   energygrp-flags[  0]: 0

Changing nstlist from 10 to 50, rlist from 1 to 1.108


Initializing Domain Decomposition on 1 ranks
Dynamic load balancing: auto
Using update groups, nr 13597, average size 2.9 atoms, max. radius 0.139 nm
Minimum cell size due to atom displacement: 0.401 nm
Initial maximum distances in bonded interactions:
    two-body bonded interactions: 0.441 nm, LJ-14, atoms 1156 1405
  multi-body bonded interactions: 0.465 nm, CMAP Dih., atoms 982 994
Minimum cell size due to bonded interactions: 0.511 nm
Using 0 separate PME ranks because: there are too few total ranks for efficient splitting
Optimizing the DD grid for 1 cells with a minimum initial size of 0.511 nm
The maximum allowed number of cells is: X 14 Y 14 Z 14
Domain decomposition grid 1 x 1 x 1, separate PME ranks 0
PME domain decomposition: 1 x 1 x 1

The initial number of communication pulses is:
The initial domain decomposition cell size is:

The maximum allowed distance for atom groups involved in interactions is:
                 non-bonded interactions           1.386 nm
            two-body bonded interactions  (-rdd)   1.386 nm
          multi-body bonded interactions  (-rdd)   1.386 nm

When dynamic load balancing gets turned on, these settings will change to:
The maximum number of communication pulses is:
The minimum size for domain decomposition cells is 1.386 nm
The requested allowed shrink of DD cells (option -dds) is: 0.80
The allowed shrink of domain decomposition cells is:
The maximum allowed distance for atom groups involved in interactions is:
                 non-bonded interactions           1.386 nm
            two-body bonded interactions  (-rdd)   1.386 nm
          multi-body bonded interactions  (-rdd)   1.386 nm

Using 1 MPI process

Non-default thread affinity set, disabling internal thread affinity

Using 1 OpenMP thread 

System total charge: 0.000
Will do PME sum in reciprocal space for electrostatic interactions.

++++ PLEASE READ AND CITE THE FOLLOWING REFERENCE ++++
U. Essmann, L. Perera, M. L. Berkowitz, T. Darden, H. Lee and L. G. Pedersen 
A smooth particle mesh Ewald method
J. Chem. Phys. 103 (1995) pp. 8577-8592
-------- -------- --- Thank You --- -------- --------

Using a Gaussian width (1/beta) of 0.320163 nm for Ewald
Potential shift: LJ r^-12: -1.000e+00 r^-6: -1.000e+00, Ewald -1.000e-05
Initialized non-bonded Coulomb Ewald tables, spacing: 9.33e-04 size: 1073

Generated table with 1054 data points for 1-4 COUL.
Tabscale = 500 points/nm
Generated table with 1054 data points for 1-4 LJ6.
Tabscale = 500 points/nm
Generated table with 1054 data points for 1-4 LJ12.
Tabscale = 500 points/nm
Long Range LJ corr.: <C6> 3.0057e-04


Using SIMD4xM 4x8 nonbonded short-range kernels

Using a dual 4x8 pair-list setup updated with dynamic pruning:
  outer list: updated every 50 steps, buffer 0.108 nm, rlist 1.108 nm
  inner list: updated every 10 steps, buffer 0.000 nm, rlist 1.000 nm
At tolerance 0.005 kJ/mol/ps per atom, equivalent classical 1x1 list would be:
  outer list: updated every 50 steps, buffer 0.234 nm, rlist 1.234 nm
  inner list: updated every 10 steps, buffer 0.035 nm, rlist 1.035 nm

The average pressure is off by at most 0.40 bar due to missing LJ interactions

Using Lorentz-Berthelot Lennard-Jones combination rule
Removing pbc first time

Linking all bonded interactions to atoms


Initializing LINear Constraint Solver

++++ PLEASE READ AND CITE THE FOLLOWING REFERENCE ++++
B. Hess and H. Bekker and H. J. C. Berendsen and J. G. E. M. Fraaije
LINCS: A Linear Constraint Solver for molecular simulations
J. Comp. Chem. 18 (1997) pp. 1463-1472
-------- -------- --- Thank You --- -------- --------

The number of constraints is 959

++++ PLEASE READ AND CITE THE FOLLOWING REFERENCE ++++
S. Miyamoto and P. A. Kollman
SETTLE: An Analytical Version of the SHAKE and RATTLE Algorithms for Rigid
Water Models
J. Comp. Chem. 13 (1992) pp. 952-962
-------- -------- --- Thank You --- -------- --------


++++ PLEASE READ AND CITE THE FOLLOWING REFERENCE ++++
G. Bussi, D. Donadio and M. Parrinello
Canonical sampling through velocity rescaling
J. Chem. Phys. 126 (2007) pp. 014101
-------- -------- --- Thank You --- -------- --------

There are: 39732 Atoms

Atom distribution over 1 domains: av 39732 stddev 0 min 39732 max 39732

Constraining the starting coordinates (step 0)

Constraining the coordinates at t0-dt (step 0)
Center of mass motion removal mode is Linear
We have the following groups for center of mass motion removal:
  0:  rest
RMS relative constraint deviation after constraining: 2.75e-06
Initial temperature: 300.154 K

Started mdrun on rank 0 Tue Oct 21 14:44:34 2025

           Step           Time
              0        0.00000

   Energies (kJ/mol)
           Bond            U-B    Proper Dih.  Improper Dih.      CMAP Dih.
    4.27419e+02    1.50397e+03    2.50853e+03    7.96795e+01   -9.23780e+02
          LJ-14     Coulomb-14        LJ (SR)  Disper. corr.   Coulomb (SR)
    1.40035e+03    1.31656e+04    7.75804e+04   -4.87883e+03   -7.06885e+05
   Coul. recip. Position Rest.      Potential    Kinetic En.   Total Energy
    2.89742e+03    8.12130e-04   -6.13125e+05    1.00442e+05   -5.12683e+05
  Conserved En.    Temperature Pres. DC (bar) Pressure (bar)   Constr. rmsd
   -5.12683e+05    3.00246e+02   -1.99355e+02   -4.75175e+03    2.83643e-06

           Step           Time
            500        1.00000

   Energies (kJ/mol)
           Bond            U-B    Proper Dih.  Improper Dih.      CMAP Dih.
    1.64899e+03    4.20076e+03    2.99047e+03    3.27000e+02   -8.91655e+02
          LJ-14     Coulomb-14        LJ (SR)  Disper. corr.   Coulomb (SR)
    1.44428e+03    1.28881e+04    7.75868e+04   -4.87883e+03   -6.23415e+05
   Coul. recip. Position Rest.      Potential    Kinetic En.   Total Energy
    3.61776e+03    7.38307e+02   -5.23743e+05    9.87470e+04   -4.24996e+05
  Conserved En.    Temperature Pres. DC (bar) Pressure (bar)   Constr. rmsd
   -5.11770e+05    2.95179e+02   -1.99355e+02   -2.25467e+02    2.51936e-06

           Step           Time
           1000        2.00000

   Energies (kJ/mol)
           Bond            U-B    Proper Dih.  Improper Dih.      CMAP Dih.
    1.70882e+03    4.23395e+03    2.91024e+03    3.04184e+02   -8.70220e+02
          LJ-14     Coulomb-14        LJ (SR)  Disper. corr.   Coulomb (SR)
    1.43537e+03    1.30269e+04    7.54763e+04   -4.87883e+03   -6.19638e+05
   Coul. recip. Position Rest.      Potential    Kinetic En.   Total Energy
    3.57434e+03    6.25121e+02   -5.22092e+05    9.96341e+04   -4.22458e+05
  Conserved En.    Temperature Pres. DC (bar) Pressure (bar)   Constr. rmsd
   -5.11750e+05    2.97831e+02   -1.99355e+02   -2.11655e+02    2.51518e-06

           Step           Time
           1500        3.00000

   Energies (kJ/mol)
           Bond            U-B    Proper Dih.  Improper Dih.      CMAP Dih.
    1.57663e+03    4.23732e+03    2.91407e+03    3.17857e+02   -8.98294e+02
          LJ-14     Coulomb-14        LJ (SR)  Disper. corr.   Coulomb (SR)
    1.47053e+03    1.30456e+04    7.51727e+04   -4.87883e+03   -6.20453e+05
   Coul. recip. Position Rest.      Potential    Kinetic En.   Total Energy
    3.51465e+03    5.79300e+02   -5.23402e+05    1.00136e+05   -4.23266e+05
  Conserved En.    Temperature Pres. DC (bar) Pressure (bar)   Constr. rmsd
   -5.11775e+05    2.99330e+02   -1.99355e+02   -4.83778e+02    2.56316e-06

           Step           Time
           2000        4.00000

   Energies (kJ/mol)
           Bond            U-B    Proper Dih.  Improper Dih.      CMAP Dih.
    1.69345e+03    4.43600e+03    2.87548e+03    3.03186e+02   -9.05790e+02
          LJ-14     Coulomb-14        LJ (SR)  Disper. corr.   Coulomb (SR)
    1.45588e+03    1.29471e+04    7.51096e+04   -4.87883e+03   -6.19102e+05
   Coul. recip. Position Rest.      Potential    Kinetic En.   Total Energy
    3.56679e+03    5.79561e+02   -5.21919e+05    1.00801e+05   -4.21118e+05
  Conserved En.    Temperature Pres. DC (bar) Pressure (bar)   Constr. rmsd
   -5.11755e+05    3.01320e+02   -1.99355e+02   -7.41390e+01    2.80917e-06

           Step           Time
           2500        5.00000

   Energies (kJ/mol)
           Bond            U-B    Proper Dih.  Improper Dih.      CMAP Dih.
    1.69332e+03    4.15317e+03    2.91899e+03    2.91995e+02   -8.59388e+02
          LJ-14     Coulomb-14        LJ (SR)  Disper. corr.   Coulomb (SR)
    1.44191e+03    1.30965e+04    7.51021e+04   -4.87883e+03   -6.19360e+05
   Coul. recip. Position Rest.      Potential    Kinetic En.   Total Energy
    3.59822e+03    6.04692e+02   -5.22197e+05    1.01017e+05   -4.21180e+05
  Conserved En.    Temperature Pres. DC (bar) Pressure (bar)   Constr. rmsd
   -5.11768e+05    3.01965e+02   -1.99355e+02   -4.36333e+02    2.88116e-06

           Step           Time
           3000        6.00000

   Energies (kJ/mol)
           Bond            U-B    Proper Dih.  Improper Dih.      CMAP Dih.
    1.54411e+03    4.37007e+03    2.92433e+03    2.47308e+02   -8.84629e+02
          LJ-14     Coulomb-14        LJ (SR)  Disper. corr.   Coulomb (SR)
    1.46382e+03    1.31585e+04    7.43104e+04   -4.87883e+03   -6.20005e+05
   Coul. recip. Position Rest.      Potential    Kinetic En.   Total Energy
    3.58176e+03    5.59089e+02   -5.23609e+05    1.00838e+05   -4.22771e+05
  Conserved En.    Temperature Pres. DC (bar) Pressure (bar)   Constr. rmsd
   -5.11766e+05    3.01429e+02   -1.99355e+02   -2.72629e+02    2.66421e-06

           Step           Time
           3500        7.00000

   Energies (kJ/mol)
           Bond            U-B    Proper Dih.  Improper Dih.      CMAP Dih.
    1.55227e+03    4.28221e+03    2.90108e+03    2.35012e+02   -8.80956e+02
          LJ-14     Coulomb-14        LJ (SR)  Disper. corr.   Coulomb (SR)
    1.54673e+03    1.30708e+04    7.45722e+04   -4.87883e+03   -6.19002e+05
   Coul. recip. Position Rest.      Potential    Kinetic En.   Total Energy
    3.56210e+03    5.41965e+02   -5.22497e+05    1.00136e+05   -4.22361e+05
  Conserved En.    Temperature Pres. DC (bar) Pressure (bar)   Constr. rmsd
   -5.11743e+05    2.99333e+02   -1.99355e+02   -2.42359e+02    2.53270e-06

           Step           Time
           4000        8.00000

   Energies (kJ/mol)
           Bond            U-B    Proper Dih.  Improper Dih.      CMAP Dih.
    1.64260e+03    4.37519e+03    2.97022e+03    2.24267e+02   -8.79610e+02
          LJ-14     Coulomb-14        LJ (SR)  Disper. corr.   Coulomb (SR)
    1.51203e+03    1.29764e+04    7.50509e+04   -4.87883e+03   -6.18521e+05
   Coul. recip. Position Rest.      Potential    Kinetic En.   Total Energy
    3.60051e+03    5.27179e+02   -5.21400e+05    9.99286e+04   -4.21471e+05
  Conserved En.    Temperature Pres. DC (bar) Pressure (bar)   Constr. rmsd
   -5.11733e+05    2.98711e+02   -1.99355e+02   -2.30427e+02    2.90650e-06

           Step           Time
           4500        9.00000

   Energies (kJ/mol)
           Bond            U-B    Proper Dih.  Improper Dih.      CMAP Dih.
    1.59653e+03    4.54456e+03    2.82798e+03    2.75775e+02   -8.92371e+02
          LJ-14     Coulomb-14        LJ (SR)  Disper. corr.   Coulomb (SR)
    1.53288e+03    1.31124e+04    7.57353e+04   -4.87883e+03   -6.19872e+05
   Coul. recip. Position Rest.      Potential    Kinetic En.   Total Energy
    3.58372e+03    5.33952e+02   -5.21900e+05    1.00475e+05   -4.21425e+05
  Conserved En.    Temperature Pres. DC (bar) Pressure (bar)   Constr. rmsd
   -5.11744e+05    3.00345e+02   -1.99355e+02   -1.46159e+02    2.78052e-06

           Step           Time
           5000       10.00000

Writing checkpoint, step 5000 at Tue Oct 21 14:48:17 2025


   Energies (kJ/mol)
           Bond            U-B    Proper Dih.  Improper Dih.      CMAP Dih.
    1.59772e+03    4.36317e+03    2.98906e+03    2.57516e+02   -9.17804e+02
          LJ-14     Coulomb-14        LJ (SR)  Disper. corr.   Coulomb (SR)
    1.48259e+03    1.32235e+04    7.55748e+04   -4.87883e+03   -6.20650e+05
   Coul. recip. Position Rest.      Potential    Kinetic En.   Total Energy
    3.61268e+03    5.61849e+02   -5.22784e+05    1.00805e+05   -4.21979e+05
  Conserved En.    Temperature Pres. DC (bar) Pressure (bar)   Constr. rmsd
   -5.11749e+05    3.01330e+02   -1.99355e+02   -4.62399e+01    2.71207e-06


Energy conservation over simulation part #1 of length 10 ps, time 0 to 10 ps
  Conserved energy drift: 2.35e-03 kJ/mol/ps per atom


	<======  ###############  ==>
	<====  A V E R A G E S  ====>
	<==  ###############  ======>

	Statistics over 5001 steps using 51 frames

   Energies (kJ/mol)
           Bond            U-B    Proper Dih.  Improper Dih.      CMAP Dih.
    1.58270e+03    4.28853e+03    2.89961e+03    2.79079e+02   -8.84025e+02
          LJ-14     Coulomb-14        LJ (SR)  Disper. corr.   Coulomb (SR)
    1.47067e+03    1.30576e+04    7.55045e+04   -4.87883e+03   -6.22783e+05
   Coul. recip. Position Rest.      Potential    Kinetic En.   Total Energy
    3.56291e+03    5.72370e+02   -5.25328e+05    9.97056e+04   -4.25622e+05
  Conserved En.    Temperature Pres. DC (bar) Pressure (bar)   Constr. rmsd
   -5.11776e+05    2.98045e+02   -1.99355e+02   -4.06790e+02    0.00000e+00

   Total Virial (kJ/mol)
    3.85019e+04   -3.01508e+02   -6.20706e+01
   -3.01509e+02    3.83379e+04   -2.99322e+02
   -6.22644e+01   -2.99378e+02    3.78171e+04

   Pressure (bar)
   -4.27091e+02    2.77136e+01    6.26213e+00
    2.77137e+01   -4.20238e+02    2.56899e+01
    6.27795e+00    2.56944e+01   -3.73042e+02

      T-Protein  T-non-Protein
    2.98306e+02    2.98028e+02


	M E G A - F L O P S   A C C O U N T I N G

 NB=Group-cutoff nonbonded kernels    NxN=N-by-N cluster Verlet kernels
 RF=Reaction-Field  VdW=Van der Waals  QSTab=quadratic-spline table
 W3=SPC/TIP3p  W4=TIP4p (single or pairs)
 V&F=Potential and force  V=Potential only  F=Force only

 Computing:                               M-Number         M-Flops  % Flops
-----------------------------------------------------------------------------
 Pair Search distance check            1720.873276       15487.859     0.2
 NxN Ewald Elec. + LJ [F]             58422.451888     3855881.825    51.6
 NxN Ewald Elec. + LJ [V&F]             601.932544       64406.782     0.9
 NxN Ewald Elec. [F]                  51954.836336     3169245.016    42.4
 NxN Ewald Elec. [V&F]                  535.244800       44960.563     0.6
 1,4 nonbonded interactions              25.535106        2298.160     0.0
 Calc Weights                           596.099196       21459.571     0.3
 Spread Q Bspline                     12716.782848       25433.566     0.3
 Gather F Bspline                     12716.782848       76300.697     1.0
 3D-FFT                               18533.265912      148266.127     2.0
 Solve PME                              288.057600       18435.686     0.2
 Reset In Box                             4.012932          12.039     0.0
 CG-CoM                                   4.052664          12.158     0.0
 Bonds                                    5.126025         302.435     0.0
 Propers                                 20.964192        4800.800     0.1
 Impropers                                1.745349         363.033     0.0
 Pos. Restr.                              5.006001         250.300     0.0
 Virial                                   2.028627          36.515     0.0
 Stop-CM                                  2.066064          20.661     0.0
 Calc-Ekin                               39.811464        1074.910     0.0
 Lincs                                    4.797877         287.873     0.0
 Lincs-Mat                               23.894328          95.577     0.0
 Constraint-V                           198.489364        1786.404     0.0
 Constraint-Vir                           1.974873          47.397     0.0
 Settle                                  62.977764       23301.773     0.3
 CMAP                                     0.635127        1079.716     0.0
 Urey-Bradley                            17.738547        3246.154     0.0
-----------------------------------------------------------------------------
 Total                                                 7478893.597   100.0
-----------------------------------------------------------------------------


    D O M A I N   D E C O M P O S I T I O N   S T A T I S T I C S

 av. #atoms communicated per step for force:  2 x 0.0


      R E A L   C Y C L E   A N D   T I M E   A C C O U N T I N G

On 1 MPI rank

 Activity:              Num   Num      Call    Wall time         Giga-Cycles
                        Ranks Threads  Count      (s)         total sum    %
--------------------------------------------------------------------------------
 Domain decomp.            1    1        101       0.996          2.486   0.4
 Neighbor search           1    1        101       6.391         15.959   2.9
 Force                     1    1       5001     179.906        449.240  80.6
 PME mesh                  1    1       5001      30.471         76.089  13.6
 NB X/F buffer ops.        1    1       9901       1.234          3.081   0.6
 Write traj.               1    1         11       0.341          0.852   0.2
 Update                    1    1       5001       1.178          2.942   0.5
 Constraints               1    1       5003       2.349          5.867   1.1
 Rest                                              0.365          0.911   0.2
--------------------------------------------------------------------------------
 Total                                           223.232        557.427 100.0
--------------------------------------------------------------------------------
 Breakdown of PME mesh activities
--------------------------------------------------------------------------------
 PME spread                1    1       5001      14.762         36.863   6.6
 PME gather                1    1       5001       8.849         22.096   4.0
 PME 3D-FFT                1    1      10002       6.038         15.078   2.7
 PME solve Elec            1    1       5001       0.805          2.010   0.4
--------------------------------------------------------------------------------

               Core t (s)   Wall t (s)        (%)
       Time:      223.231      223.232      100.0
                 (ns/day)    (hour/ns)
Performance:        3.871        6.200
Finished mdrun on rank 0 Tue Oct 21 14:48:17 2025

